Performing C SOURCE FILE Test CMAKE_HAVE_LIBC_PTHREAD failed with the following output:
Change Dir: /home/noeticros/catkin_ws/build/mavros_extras/CMakeFiles/CMakeTmp

Run Build Command(s):/usr/bin/make cmTC_313f7/fast && /usr/bin/make -f CMakeFiles/cmTC_313f7.dir/build.make CMakeFiles/cmTC_313f7.dir/build
make[1]: Entrando no diretório '/home/noeticros/catkin_ws/build/mavros_extras/CMakeFiles/CMakeTmp'
Building C object CMakeFiles/cmTC_313f7.dir/src.c.o
/usr/lib/ccache/cc   -DCMAKE_HAVE_LIBC_PTHREAD   -o CMakeFiles/cmTC_313f7.dir/src.c.o   -c /home/noeticros/catkin_ws/build/mavros_extras/CMakeFiles/CMakeTmp/src.c
Linking C executable cmTC_313f7
/usr/bin/cmake -E cmake_link_script CMakeFiles/cmTC_313f7.dir/link.txt --verbose=1
/usr/lib/ccache/cc  -DCMAKE_HAVE_LIBC_PTHREAD    -rdynamic CMakeFiles/cmTC_313f7.dir/src.c.o  -o cmTC_313f7 
/usr/bin/ld: CMakeFiles/cmTC_313f7.dir/src.c.o: na função "main":
src.c:(.text+0x46): referência não definida para "pthread_create"
/usr/bin/ld: src.c:(.text+0x52): referência não definida para "pthread_detach"
/usr/bin/ld: src.c:(.text+0x63): referência não definida para "pthread_join"
collect2: error: ld returned 1 exit status
make[1]: *** [CMakeFiles/cmTC_313f7.dir/build.make:87: cmTC_313f7] Erro 1
make[1]: Saindo do diretório '/home/noeticros/catkin_ws/build/mavros_extras/CMakeFiles/CMakeTmp'
make: *** [Makefile:121: cmTC_313f7/fast] Erro 2


Source file was:
#include <pthread.h>

void* test_func(void* data)
{
  return data;
}

int main(void)
{
  pthread_t thread;
  pthread_create(&thread, NULL, test_func, NULL);
  pthread_detach(thread);
  pthread_join(thread, NULL);
  pthread_atfork(NULL, NULL, NULL);
  pthread_exit(NULL);

  return 0;
}

Determining if the function pthread_create exists in the pthreads failed with the following output:
Change Dir: /home/noeticros/catkin_ws/build/mavros_extras/CMakeFiles/CMakeTmp

Run Build Command(s):/usr/bin/make cmTC_058e2/fast && /usr/bin/make -f CMakeFiles/cmTC_058e2.dir/build.make CMakeFiles/cmTC_058e2.dir/build
make[1]: Entrando no diretório '/home/noeticros/catkin_ws/build/mavros_extras/CMakeFiles/CMakeTmp'
Building C object CMakeFiles/cmTC_058e2.dir/CheckFunctionExists.c.o
/usr/lib/ccache/cc   -DCHECK_FUNCTION_EXISTS=pthread_create   -o CMakeFiles/cmTC_058e2.dir/CheckFunctionExists.c.o   -c /usr/share/cmake-3.16/Modules/CheckFunctionExists.c
Linking C executable cmTC_058e2
/usr/bin/cmake -E cmake_link_script CMakeFiles/cmTC_058e2.dir/link.txt --verbose=1
/usr/lib/ccache/cc  -DCHECK_FUNCTION_EXISTS=pthread_create    -rdynamic CMakeFiles/cmTC_058e2.dir/CheckFunctionExists.c.o  -o cmTC_058e2  -lpthreads 
/usr/bin/ld: não foi possível localizar -lpthreads
collect2: error: ld returned 1 exit status
make[1]: *** [CMakeFiles/cmTC_058e2.dir/build.make:87: cmTC_058e2] Erro 1
make[1]: Saindo do diretório '/home/noeticros/catkin_ws/build/mavros_extras/CMakeFiles/CMakeTmp'
make: *** [Makefile:121: cmTC_058e2/fast] Erro 2



